app/build/outputs/apk/manifest-merger-debug-report.txt
-- Merging decision tree log ---
manifest
ADDED from AndroidManifest.xml:2:1
	package
		ADDED from AndroidManifest.xml:3:5
		INJECTED from AndroidManifest.xml:0:0
		INJECTED from AndroidManifest.xml:0:0
	android:versionName
		INJECTED from AndroidManifest.xml:0:0
		INJECTED from AndroidManifest.xml:0:0
	xmlns:android
		ADDED from AndroidManifest.xml:2:11
	android:versionCode
		INJECTED from AndroidManifest.xml:0:0
		INJECTED from AndroidManifest.xml:0:0
uses-permission#android.permission.INTERNET
ADDED from AndroidManifest.xml:5:5
MERGED from com.twitter.sdk.android:tweet-ui:1.3.1:25:5
MERGED from com.twitter.sdk.android:twitter-core:1.4.1:25:5
MERGED from com.twitter.sdk.android:twitter-core:1.4.1:25:5
MERGED from com.digits.sdk.android:digits:1.6.2:25:5
MERGED from com.twitter.sdk.android:twitter-core:1.4.1:25:5
MERGED from com.twitter.sdk.android:tweet-composer:0.8.0:25:5
MERGED from com.crashlytics.sdk.android:crashlytics:2.5.1:9:5
MERGED from com.crashlytics.sdk.android:crashlytics-core:2.3.4:9:5
MERGED from com.crashlytics.sdk.android:answers:1.3.1:9:5
MERGED from com.crashlytics.sdk.android:answers:1.3.1:9:5
MERGED from com.digits.sdk.android:digits:1.6.2:25:5
MERGED from com.twitter.sdk.android:twitter-core:1.4.1:25:5
	android:name
		ADDED from AndroidManifest.xml:5:22
uses-permission#android.permission.WRITE_EXTERNAL_STORAGE
ADDED from AndroidManifest.xml:6:5
	android:name
		ADDED from AndroidManifest.xml:6:22
uses-permission#android.permission.READ_EXTERNAL_STORAGE
ADDED from AndroidManifest.xml:7:5
	android:name
		ADDED from AndroidManifest.xml:7:22
uses-permission#android.permission.ACCESS_NETWORK_STATE
ADDED from AndroidManifest.xml:8:5
	android:name
		ADDED from AndroidManifest.xml:8:22
application
ADDED from AndroidManifest.xml:10:5
MERGED from com.twitter.sdk.android:twitter:1.6.1:25:5
MERGED from com.twitter.sdk.android:tweet-ui:1.3.1:27:5
MERGED from io.fabric.sdk.android:fabric:1.3.5:25:5
MERGED from com.twitter.sdk.android:twitter-core:1.4.1:27:5
MERGED from io.fabric.sdk.android:fabric:1.3.5:25:5
MERGED from com.android.support:support-v4:21.0.0:16:5
MERGED from io.fabric.sdk.android:fabric:1.3.5:25:5
MERGED from com.twitter.sdk.android:twitter-core:1.4.1:27:5
MERGED from io.fabric.sdk.android:fabric:1.3.5:25:5
MERGED from com.digits.sdk.android:digits:1.6.2:27:5
MERGED from io.fabric.sdk.android:fabric:1.3.5:25:5
MERGED from com.twitter.sdk.android:twitter-core:1.4.1:27:5
MERGED from io.fabric.sdk.android:fabric:1.3.5:25:5
MERGED from com.twitter.sdk.android:tweet-composer:0.8.0:27:5
MERGED from io.fabric.sdk.android:fabric:1.3.5:25:5
MERGED from com.mopub.sdk.android:mopub:3.8.0:11:5
MERGED from com.android.support:support-v4:21.0.0:16:5
MERGED from io.fabric.sdk.android:fabric:1.3.5:25:5
MERGED from com.crashlytics.sdk.android:crashlytics:2.5.1:11:5
MERGED from io.fabric.sdk.android:fabric:1.3.5:25:5
MERGED from com.crashlytics.sdk.android:crashlytics-core:2.3.4:11:5
MERGED from io.fabric.sdk.android:fabric:1.3.5:25:5
MERGED from com.crashlytics.sdk.android:answers:1.3.1:11:5
MERGED from io.fabric.sdk.android:fabric:1.3.5:25:5
MERGED from com.crashlytics.sdk.android:beta:1.1.3:9:5
MERGED from io.fabric.sdk.android:fabric:1.3.5:25:5
MERGED from com.crashlytics.sdk.android:answers:1.3.1:11:5
MERGED from io.fabric.sdk.android:fabric:1.3.5:25:5
MERGED from com.digits.sdk.android:digits:1.6.2:27:5
MERGED from io.fabric.sdk.android:fabric:1.3.5:25:5
MERGED from com.twitter.sdk.android:twitter-core:1.4.1:27:5
MERGED from io.fabric.sdk.android:fabric:1.3.5:25:5
	android:label
		ADDED from AndroidManifest.xml:14:9
	android:allowBackup
		ADDED from AndroidManifest.xml:12:9
	android:icon
		ADDED from AndroidManifest.xml:13:9
	android:theme
		ADDED from AndroidManifest.xml:15:9
	android:name
		ADDED from AndroidManifest.xml:11:9
activity#io.fabric.samples.cannonball.activity.InitialActivity
ADDED from AndroidManifest.xml:16:9
	android:screenOrientation
		ADDED from AndroidManifest.xml:20:13
	android:label
		ADDED from AndroidManifest.xml:18:13
	android:noHistory
		ADDED from AndroidManifest.xml:19:13
	android:name
		ADDED from AndroidManifest.xml:17:13
intent-filter#android.intent.action.MAIN+android.intent.category.LAUNCHER
ADDED from AndroidManifest.xml:21:13
action#android.intent.action.MAIN
ADDED from AndroidManifest.xml:22:17
	android:name
		ADDED from AndroidManifest.xml:22:25
category#android.intent.category.LAUNCHER
ADDED from AndroidManifest.xml:24:17
	android:name
		ADDED from AndroidManifest.xml:24:27
activity#io.fabric.samples.cannonball.activity.LoginActivity
ADDED from AndroidManifest.xml:27:9
	android:screenOrientation
		ADDED from AndroidManifest.xml:30:13
	android:label
		ADDED from AndroidManifest.xml:29:13
	android:theme
		ADDED from AndroidManifest.xml:31:13
	android:name
		ADDED from AndroidManifest.xml:28:13
activity#io.fabric.samples.cannonball.activity.ThemeChooserActivity
ADDED from AndroidManifest.xml:33:9
	android:screenOrientation
		ADDED from AndroidManifest.xml:36:13
	android:label
		ADDED from AndroidManifest.xml:35:13
	android:theme
		ADDED from AndroidManifest.xml:37:13
	android:name
		ADDED from AndroidManifest.xml:34:13
activity#io.fabric.samples.cannonball.activity.PoemBuilderActivity
ADDED from AndroidManifest.xml:39:9
	android:screenOrientation
		ADDED from AndroidManifest.xml:43:13
	android:label
		ADDED from AndroidManifest.xml:41:13
	android:parentActivityName
		ADDED from AndroidManifest.xml:42:13
	android:theme
		ADDED from AndroidManifest.xml:44:13
	android:name
		ADDED from AndroidManifest.xml:40:13
meta-data#android.support.PARENT_ACTIVITY
ADDED from AndroidManifest.xml:45:13
	android:value
		ADDED from AndroidManifest.xml:47:17
	android:name
		ADDED from AndroidManifest.xml:46:17
activity#io.fabric.samples.cannonball.activity.PoemHistoryActivity
ADDED from AndroidManifest.xml:49:9
	android:screenOrientation
		ADDED from AndroidManifest.xml:53:13
	android:label
		ADDED from AndroidManifest.xml:51:13
	android:parentActivityName
		ADDED from AndroidManifest.xml:52:13
	android:theme
		ADDED from AndroidManifest.xml:54:13
	android:name
		ADDED from AndroidManifest.xml:50:13
activity#io.fabric.samples.cannonball.activity.PoemPopularActivity
ADDED from AndroidManifest.xml:59:9
	android:screenOrientation
		ADDED from AndroidManifest.xml:63:13
	android:label
		ADDED from AndroidManifest.xml:61:13
	android:parentActivityName
		ADDED from AndroidManifest.xml:62:13
	android:theme
		ADDED from AndroidManifest.xml:64:13
	android:name
		ADDED from AndroidManifest.xml:60:13
provider#io.fabric.samples.cannonball.db.PoemProvider
ADDED from AndroidManifest.xml:70:9
	android:authorities
		ADDED from AndroidManifest.xml:72:13
	android:exported
		ADDED from AndroidManifest.xml:73:13
	android:name
		ADDED from AndroidManifest.xml:71:13
service#io.fabric.samples.cannonball.AppService
ADDED from AndroidManifest.xml:76:9
	android:exported
		ADDED from AndroidManifest.xml:78:13
	android:name
		ADDED from AndroidManifest.xml:77:13
activity#com.mopub.mobileads.MoPubActivity
ADDED from AndroidManifest.xml:81:9
	android:configChanges
		ADDED from AndroidManifest.xml:83:13
	android:name
		ADDED from AndroidManifest.xml:82:13
activity#com.mopub.mobileads.MraidActivity
ADDED from AndroidManifest.xml:84:9
	android:configChanges
		ADDED from AndroidManifest.xml:86:13
	android:name
		ADDED from AndroidManifest.xml:85:13
activity#com.mopub.common.MoPubBrowser
ADDED from AndroidManifest.xml:87:9
	android:configChanges
		ADDED from AndroidManifest.xml:89:13
	android:name
		ADDED from AndroidManifest.xml:88:13
activity#com.mopub.mobileads.MraidVideoPlayerActivity
ADDED from AndroidManifest.xml:90:9
	android:configChanges
		ADDED from AndroidManifest.xml:92:13
	android:name
		ADDED from AndroidManifest.xml:91:13
activity#io.fabric.samples.cannonball.activity.AboutActivity
ADDED from AndroidManifest.xml:93:9
	android:screenOrientation
		ADDED from AndroidManifest.xml:97:13
	android:label
		ADDED from AndroidManifest.xml:95:13
	android:parentActivityName
		ADDED from AndroidManifest.xml:96:13
	android:theme
		ADDED from AndroidManifest.xml:98:13
	android:name
		ADDED from AndroidManifest.xml:94:13
meta-data#io.fabric.ApiKey
ADDED from AndroidManifest.xml:104:9
	android:value
		ADDED from AndroidManifest.xml:106:13
	android:name
		ADDED from AndroidManifest.xml:105:13
activity#io.fabric.samples.cannonball.activity.MapActivity
ADDED from AndroidManifest.xml:108:9
	android:screenOrientation
		ADDED from AndroidManifest.xml:110:13
	android:label
		ADDED from AndroidManifest.xml:111:13
	android:name
		ADDED from AndroidManifest.xml:109:13
activity#io.fabric.samples.cannonball.activity.ProductActivity
ADDED from AndroidManifest.xml:113:9
	android:screenOrientation
		ADDED from AndroidManifest.xml:115:13
	android:label
		ADDED from AndroidManifest.xml:116:13
	android:name
		ADDED from AndroidManifest.xml:114:13
activity#io.fabric.samples.cannonball.activity.SelectProductActivity
ADDED from AndroidManifest.xml:118:9
	android:screenOrientation
		ADDED from AndroidManifest.xml:120:13
	android:label
		ADDED from AndroidManifest.xml:121:13
	android:name
		ADDED from AndroidManifest.xml:119:13
activity#io.fabric.samples.cannonball.activity.ProductDetailsActivity
ADDED from AndroidManifest.xml:123:9
	android:screenOrientation
		ADDED from AndroidManifest.xml:125:13
	android:label
		ADDED from AndroidManifest.xml:126:13
	android:name
		ADDED from AndroidManifest.xml:124:13
activity#io.fabric.samples.cannonball.activity.UserRegisterActivity
ADDED from AndroidManifest.xml:128:9
	android:screenOrientation
		ADDED from AndroidManifest.xml:130:13
	android:label
		ADDED from AndroidManifest.xml:131:13
	android:name
		ADDED from AndroidManifest.xml:129:13
activity#io.fabric.samples.cannonball.activity.DeliveryCandidateActivity
ADDED from AndroidManifest.xml:133:9
	android:screenOrientation
		ADDED from AndroidManifest.xml:135:13
	android:label
		ADDED from AndroidManifest.xml:136:13
	android:name
		ADDED from AndroidManifest.xml:134:13
uses-sdk
INJECTED from AndroidManifest.xml:0:0 reason: use-sdk injection requested
MERGED from com.twitter.sdk.android:twitter:1.6.1:23:5
MERGED from com.twitter.sdk.android:tweet-ui:1.3.1:23:5
MERGED from io.fabric.sdk.android:fabric:1.3.5:23:5
MERGED from com.twitter.sdk.android:twitter-core:1.4.1:23:5
MERGED from io.fabric.sdk.android:fabric:1.3.5:23:5
MERGED from com.android.support:support-v4:21.0.0:15:5
MERGED from io.fabric.sdk.android:fabric:1.3.5:23:5
MERGED from com.twitter.sdk.android:twitter-core:1.4.1:23:5
MERGED from io.fabric.sdk.android:fabric:1.3.5:23:5
MERGED from com.digits.sdk.android:digits:1.6.2:23:5
MERGED from io.fabric.sdk.android:fabric:1.3.5:23:5
MERGED from com.twitter.sdk.android:twitter-core:1.4.1:23:5
MERGED from io.fabric.sdk.android:fabric:1.3.5:23:5
MERGED from com.twitter.sdk.android:tweet-composer:0.8.0:23:5
MERGED from io.fabric.sdk.android:fabric:1.3.5:23:5
MERGED from com.mopub.sdk.android:mopub:3.8.0:7:5
MERGED from com.android.support:support-v4:21.0.0:15:5
MERGED from io.fabric.sdk.android:fabric:1.3.5:23:5
MERGED from com.crashlytics.sdk.android:crashlytics:2.5.1:7:5
MERGED from io.fabric.sdk.android:fabric:1.3.5:23:5
MERGED from com.crashlytics.sdk.android:crashlytics-core:2.3.4:7:5
MERGED from io.fabric.sdk.android:fabric:1.3.5:23:5
MERGED from com.crashlytics.sdk.android:answers:1.3.1:7:5
MERGED from io.fabric.sdk.android:fabric:1.3.5:23:5
MERGED from com.crashlytics.sdk.android:beta:1.1.3:7:5
MERGED from io.fabric.sdk.android:fabric:1.3.5:23:5
MERGED from com.crashlytics.sdk.android:answers:1.3.1:7:5
MERGED from io.fabric.sdk.android:fabric:1.3.5:23:5
MERGED from com.digits.sdk.android:digits:1.6.2:23:5
MERGED from io.fabric.sdk.android:fabric:1.3.5:23:5
MERGED from com.twitter.sdk.android:twitter-core:1.4.1:23:5
MERGED from io.fabric.sdk.android:fabric:1.3.5:23:5
	android:targetSdkVersion
		INJECTED from AndroidManifest.xml:0:0
		INJECTED from AndroidManifest.xml:0:0
	android:minSdkVersion
		INJECTED from AndroidManifest.xml:0:0
		INJECTED from AndroidManifest.xml:0:0
activity#com.twitter.sdk.android.core.identity.OAuthActivity
ADDED from com.twitter.sdk.android:twitter-core:1.4.1:28:9
MERGED from com.twitter.sdk.android:twitter-core:1.4.1:28:9
MERGED from com.twitter.sdk.android:twitter-core:1.4.1:28:9
MERGED from com.twitter.sdk.android:twitter-core:1.4.1:28:9
	android:excludeFromRecents
		ADDED from com.twitter.sdk.android:twitter-core:1.4.1:31:13
	android:exported
		ADDED from com.twitter.sdk.android:twitter-core:1.4.1:32:13
	android:configChanges
		ADDED from com.twitter.sdk.android:twitter-core:1.4.1:30:13
	android:name
		ADDED from com.twitter.sdk.android:twitter-core:1.4.1:29:13
activity#com.twitter.sdk.android.core.identity.ShareEmailActivity
ADDED from com.twitter.sdk.android:twitter-core:1.4.1:33:9
MERGED from com.twitter.sdk.android:twitter-core:1.4.1:33:9
MERGED from com.twitter.sdk.android:twitter-core:1.4.1:33:9
MERGED from com.twitter.sdk.android:twitter-core:1.4.1:33:9
	android:label
		ADDED from com.twitter.sdk.android:twitter-core:1.4.1:39:13
	android:excludeFromRecents
		ADDED from com.twitter.sdk.android:twitter-core:1.4.1:36:13
	android:exported
		ADDED from com.twitter.sdk.android:twitter-core:1.4.1:37:13
	android:configChanges
		ADDED from com.twitter.sdk.android:twitter-core:1.4.1:35:13
	android:icon
		ADDED from com.twitter.sdk.android:twitter-core:1.4.1:38:13
	android:name
		ADDED from com.twitter.sdk.android:twitter-core:1.4.1:34:13
activity#com.digits.sdk.android.PhoneNumberActivity
ADDED from com.digits.sdk.android:digits:1.6.2:28:9
MERGED from com.digits.sdk.android:digits:1.6.2:28:9
	android:exported
		ADDED from com.digits.sdk.android:digits:1.6.2:31:13
	android:windowSoftInputMode
		ADDED from com.digits.sdk.android:digits:1.6.2:33:13
	android:configChanges
		ADDED from com.digits.sdk.android:digits:1.6.2:30:13
	android:taskAffinity
		ADDED from com.digits.sdk.android:digits:1.6.2:32:13
	android:name
		ADDED from com.digits.sdk.android:digits:1.6.2:29:13
activity#com.digits.sdk.android.ConfirmationCodeActivity
ADDED from com.digits.sdk.android:digits:1.6.2:34:9
MERGED from com.digits.sdk.android:digits:1.6.2:34:9
	android:exported
		ADDED from com.digits.sdk.android:digits:1.6.2:37:13
	android:windowSoftInputMode
		ADDED from com.digits.sdk.android:digits:1.6.2:39:13
	android:configChanges
		ADDED from com.digits.sdk.android:digits:1.6.2:36:13
	android:taskAffinity
		ADDED from com.digits.sdk.android:digits:1.6.2:38:13
	android:name
		ADDED from com.digits.sdk.android:digits:1.6.2:35:13
activity#com.digits.sdk.android.LoginCodeActivity
ADDED from com.digits.sdk.android:digits:1.6.2:40:9
MERGED from com.digits.sdk.android:digits:1.6.2:40:9
	android:exported
		ADDED from com.digits.sdk.android:digits:1.6.2:43:13
	android:windowSoftInputMode
		ADDED from com.digits.sdk.android:digits:1.6.2:45:13
	android:configChanges
		ADDED from com.digits.sdk.android:digits:1.6.2:42:13
	android:taskAffinity
		ADDED from com.digits.sdk.android:digits:1.6.2:44:13
	android:name
		ADDED from com.digits.sdk.android:digits:1.6.2:41:13
activity#com.digits.sdk.android.PinCodeActivity
ADDED from com.digits.sdk.android:digits:1.6.2:46:9
MERGED from com.digits.sdk.android:digits:1.6.2:46:9
	android:exported
		ADDED from com.digits.sdk.android:digits:1.6.2:49:13
	android:windowSoftInputMode
		ADDED from com.digits.sdk.android:digits:1.6.2:51:13
	android:configChanges
		ADDED from com.digits.sdk.android:digits:1.6.2:48:13
	android:taskAffinity
		ADDED from com.digits.sdk.android:digits:1.6.2:50:13
	android:name
		ADDED from com.digits.sdk.android:digits:1.6.2:47:13
activity#com.digits.sdk.android.FailureActivity
ADDED from com.digits.sdk.android:digits:1.6.2:52:9
MERGED from com.digits.sdk.android:digits:1.6.2:52:9
	android:exported
		ADDED from com.digits.sdk.android:digits:1.6.2:55:13
	android:configChanges
		ADDED from com.digits.sdk.android:digits:1.6.2:54:13
	android:taskAffinity
		ADDED from com.digits.sdk.android:digits:1.6.2:56:13
	android:name
		ADDED from com.digits.sdk.android:digits:1.6.2:53:13
activity#com.digits.sdk.android.ContactsActivity
ADDED from com.digits.sdk.android:digits:1.6.2:57:9
MERGED from com.digits.sdk.android:digits:1.6.2:57:9
	android:exported
		ADDED from com.digits.sdk.android:digits:1.6.2:60:13
	android:configChanges
		ADDED from com.digits.sdk.android:digits:1.6.2:59:13
	android:name
		ADDED from com.digits.sdk.android:digits:1.6.2:58:13
activity#com.digits.sdk.android.PhoneNumberActionBarActivity
ADDED from com.digits.sdk.android:digits:1.6.2:61:9
MERGED from com.digits.sdk.android:digits:1.6.2:61:9
	android:exported
		ADDED from com.digits.sdk.android:digits:1.6.2:64:13
	android:windowSoftInputMode
		ADDED from com.digits.sdk.android:digits:1.6.2:66:13
	android:configChanges
		ADDED from com.digits.sdk.android:digits:1.6.2:63:13
	android:taskAffinity
		ADDED from com.digits.sdk.android:digits:1.6.2:65:13
	android:name
		ADDED from com.digits.sdk.android:digits:1.6.2:62:13
activity#com.digits.sdk.android.ConfirmationCodeActionBarActivity
ADDED from com.digits.sdk.android:digits:1.6.2:67:9
MERGED from com.digits.sdk.android:digits:1.6.2:67:9
	android:exported
		ADDED from com.digits.sdk.android:digits:1.6.2:70:13
	android:windowSoftInputMode
		ADDED from com.digits.sdk.android:digits:1.6.2:72:13
	android:configChanges
		ADDED from com.digits.sdk.android:digits:1.6.2:69:13
	android:taskAffinity
		ADDED from com.digits.sdk.android:digits:1.6.2:71:13
	android:name
		ADDED from com.digits.sdk.android:digits:1.6.2:68:13
activity#com.digits.sdk.android.LoginCodeActionBarActivity
ADDED from com.digits.sdk.android:digits:1.6.2:73:9
MERGED from com.digits.sdk.android:digits:1.6.2:73:9
	android:exported
		ADDED from com.digits.sdk.android:digits:1.6.2:76:13
	android:windowSoftInputMode
		ADDED from com.digits.sdk.android:digits:1.6.2:78:13
	android:configChanges
		ADDED from com.digits.sdk.android:digits:1.6.2:75:13
	android:taskAffinity
		ADDED from com.digits.sdk.android:digits:1.6.2:77:13
	android:name
		ADDED from com.digits.sdk.android:digits:1.6.2:74:13
activity#com.digits.sdk.android.FailureActionBarActivity
ADDED from com.digits.sdk.android:digits:1.6.2:79:9
MERGED from com.digits.sdk.android:digits:1.6.2:79:9
	android:exported
		ADDED from com.digits.sdk.android:digits:1.6.2:82:13
	android:configChanges
		ADDED from com.digits.sdk.android:digits:1.6.2:81:13
	android:taskAffinity
		ADDED from com.digits.sdk.android:digits:1.6.2:83:13
	android:name
		ADDED from com.digits.sdk.android:digits:1.6.2:80:13
activity#com.digits.sdk.android.ContactsActionBarActivity
ADDED from com.digits.sdk.android:digits:1.6.2:84:9
MERGED from com.digits.sdk.android:digits:1.6.2:84:9
	android:exported
		ADDED from com.digits.sdk.android:digits:1.6.2:87:13
	android:configChanges
		ADDED from com.digits.sdk.android:digits:1.6.2:86:13
	android:name
		ADDED from com.digits.sdk.android:digits:1.6.2:85:13
activity#com.digits.sdk.android.PinCodeActionBarActivity
ADDED from com.digits.sdk.android:digits:1.6.2:88:9
MERGED from com.digits.sdk.android:digits:1.6.2:88:9
	android:exported
		ADDED from com.digits.sdk.android:digits:1.6.2:91:13
	android:windowSoftInputMode
		ADDED from com.digits.sdk.android:digits:1.6.2:93:13
	android:configChanges
		ADDED from com.digits.sdk.android:digits:1.6.2:90:13
	android:taskAffinity
		ADDED from com.digits.sdk.android:digits:1.6.2:92:13
	android:name
		ADDED from com.digits.sdk.android:digits:1.6.2:89:13
service#com.digits.sdk.android.ContactsUploadService
ADDED from com.digits.sdk.android:digits:1.6.2:95:9
MERGED from com.digits.sdk.android:digits:1.6.2:95:9
	android:enabled
		ADDED from com.digits.sdk.android:digits:1.6.2:97:13
	android:exported
		ADDED from com.digits.sdk.android:digits:1.6.2:98:13
	android:name
		ADDED from com.digits.sdk.android:digits:1.6.2:96:13